
 в›…пёЏ wrangler 4.62.0 (update available 4.69.0)
в”Ђв”Ђв”Ђв”Ђв”Ђв”Ђв”Ђв”Ђв”Ђв”Ђв”Ђв”Ђв”Ђв”Ђв”Ђв”Ђв”Ђв”Ђв”Ђв”Ђв”Ђв”Ђв”Ђв”Ђв”Ђв”Ђв”Ђв”Ђв”Ђв”Ђв”Ђв”Ђв”Ђв”Ђв”Ђв”Ђв”Ђв”Ђв”Ђв”Ђв”Ђв”Ђв”Ђв”Ђв”Ђ
[33mв–І [43;33m[[43;30mWARNING[43;33m][0m [1mProcessing wrangler.toml configuration:[0m

  
    - "env.preview" environment configuration
      - "vars" exists at the top level, but not on "env.preview".
        This is not what you probably want, since "vars" is not inherited by environments.
        Please add "vars" to "env.preview".


Your Worker has access to the following bindings:
Binding                                                  Resource          Mode
env.PORTFOLIO_KV (9da2c6a1d97543c9b5edfbc084e68203)      KV Namespace      local

вЋ” Starting local server...
[wrangler:info] Ready on http://localhost:8787
[wrangler:info] GET / 200 OK (19ms)
[wrangler:info] GET /portfolio 200 OK (3ms)
[wrangler:info] GET /api/portfolio 200 OK (17ms)
[wrangler:info] GET /hero-vintage-posters.png 404 Not Found (4ms)
[wrangler:info] GET /hero-pickleball.png 404 Not Found (4ms)
[wrangler:info] GET /hero-poetry.png 404 Not Found (5ms)
[wrangler:info] GET /hero-fineart.png 404 Not Found (4ms)
[wrangler:info] GET /hero-fun.png 404 Not Found (5ms)
[wrangler:info] GET /support 200 OK (2ms)
[wrangler:info] GET /privacy 200 OK (2ms)
[wrangler:info] GET / 200 OK (1ms)
вЋ” Reloading local server...
вЋ” Local server updated and ready
[wrangler:info] GET / 200 OK (15ms)
[33mв–І [43;33m[[43;30mWARNING[43;33m][0m [1mProcessing wrangler.toml configuration:[0m

  
    - "env.preview" environment configuration
      - "vars" exists at the top level, but not on "env.preview".
        This is not what you probably want, since "vars" is not inherited by environments.
        Please add "vars" to "env.preview".


Your Worker has access to the following bindings:
Binding                                                  Resource          Mode
env.PORTFOLIO_KV (9da2c6a1d97543c9b5edfbc084e68203)      KV Namespace      local

вЋ” Reloading local server...
вЋ” Local server updated and ready
вЋ” Reloading local server...
вЋ” Local server updated and ready
вЋ” Reloading local server...
вЋ” Local server updated and ready
